2016-09-29 20:13:14.375 [main] TRACE zoobutiken.Reader - Reader.usersIntInputnull
2016-09-29 20:17:29.305 [main] TRACE zoobutiken.Reader - Reader.usersIntInputnull
2016-09-29 20:25:56.304 [main] TRACE zoobutiken.Reader - Reader.usersIntInputnull
2016-09-29 20:26:35.611 [main] TRACE zoobutiken.Reader - Reader.usersIntInputnull
2016-09-29 21:09:09.694 [main] TRACE zoobutiken.Reader - Reader.usersIntInputnull
2016-09-29 21:10:21.222 [main] INFO  zoobutiken.Factory - new fish added
2016-09-29 21:17:13.215 [main] TRACE zoobutiken.Reader - Reader.usersIntInputnull
2016-09-29 21:18:18.055 [main] INFO  zoobutiken.Factory - new fish added
2016-09-29 21:18:59.619 [main] TRACE zoobutiken.Reader - Reader.usersIntInputnull
2016-09-29 21:24:59.944 [main] INFO  zoobutiken.Factory - new spider added
2016-09-29 21:27:32.809 [main] INFO  zoobutiken.Factory - new spider added
2016-09-29 21:35:34.320 [main] INFO  zoobutiken.Factory - new spider added
2016-09-29 21:37:00.847 [main] TRACE zoobutiken.Reader - Reader.usersIntInputnull
2016-09-29 21:38:49.544 [main] INFO  zoobutiken.Factory - new spider added
2016-09-29 23:07:02.975 [main] TRACE zoobutiken.Reader - Reader.usersIntInputnull
2016-09-29 23:07:07.133 [main] TRACE zoobutiken.Reader - Reader.usersIntInputnull
2016-09-29 23:07:33.025 [main] INFO  zoobutiken.Factory - new fish added
2016-09-29 23:07:42.358 [main] TRACE zoobutiken.Reader - Reader.usersIntInputnull
2016-09-29 23:07:57.407 [main] TRACE zoobutiken.Reader - Reader.usersIntInputnull
2016-09-29 23:18:27.683 [main] INFO  zoobutiken.Factory - new fish added
2016-09-29 23:21:10.821 [main] INFO  zoobutiken.Factory - new fish added
2016-09-30 09:21:50.724 [main] INFO  zoobutiken.Factory - new fish added
2016-09-30 09:26:35.709 [main] INFO  zoobutiken.Factory - new bird added
2016-09-30 09:33:09.231 [main] INFO  zoobutiken.Factory - new fish added
2016-09-30 09:48:54.903 [main] INFO  zoobutiken.Factory - new bird added
2016-09-30 10:55:30.457 [main] INFO  zoobutiken.Factory - new bird added
2016-09-30 12:38:43.829 [main] TRACE zoobutiken.Reader - Reader.usersIntInputnull
2016-09-30 12:42:10.391 [main] TRACE zoobutiken.Reader - Reader.usersIntInputnull
2016-09-30 12:43:04.144 [main] TRACE zoobutiken.Reader - Reader.usersIntInputnull
2016-09-30 12:43:22.798 [main] TRACE zoobutiken.Reader - Reader.usersIntInputnull
2016-09-30 12:48:27.107 [main] TRACE zoobutiken.Reader - Reader.usersIntInputnull
2016-09-30 12:49:37.460 [main] TRACE zoobutiken.Reader - Reader.usersIntInputnull
2016-09-30 12:50:07.801 [main] INFO  zoobutiken.Factory - new bird added
2016-09-30 12:51:16.241 [main] INFO  zoobutiken.Factory - new bird added
2016-09-30 15:21:00.814 [main] INFO  zoobutiken.Factory - new bird added
2016-09-30 15:28:40.258 [main] TRACE zoobutiken.Reader - Reader.usersIntInputnull
2016-09-30 15:29:40.638 [main] TRACE zoobutiken.Reader - Reader.usersIntInputnull
2016-09-30 15:33:37.075 [main] TRACE zoobutiken.Reader - Reader.usersIntInputnull
2016-09-30 15:37:44.322 [main] INFO  zoobutiken.Factory - new bird added
2016-09-30 15:38:05.515 [main] TRACE zoobutiken.Reader - Reader.usersIntInputnull
2016-09-30 15:39:00.275 [main] TRACE zoobutiken.Reader - Reader.usersIntInputnull
2016-09-30 15:57:18.545 [main] INFO  zoobutiken.Factory - new bird added
2016-09-30 15:58:00.151 [main] INFO  zoobutiken.Factory - new bird added
2016-09-30 15:59:07.511 [main] TRACE zoobutiken.Reader - Reader.usersIntInputnull
2016-09-30 16:01:38.525 [main] INFO  zoobutiken.Factory - new bird added
2016-09-30 16:02:24.617 [main] TRACE zoobutiken.Reader - Reader.usersIntInputnull
2016-09-30 19:37:56.136 [main] INFO  zoobutiken.Factory - new bird added
2016-09-30 19:39:05.557 [main] INFO  zoobutiken.Factory - new bird added
2016-09-30 19:39:05.562 [main] INFO  zoobutiken.Factory - new bird added
2016-09-30 19:41:23.051 [main] TRACE zoobutiken.Reader - Reader.usersIntInputnull
2016-09-30 19:41:26.440 [main] INFO  zoobutiken.Factory - new bird added
2016-09-30 19:41:26.446 [main] INFO  zoobutiken.Factory - new bird added
2016-09-30 19:42:30.037 [main] TRACE zoobutiken.Reader - Reader.usersIntInputnull
2016-09-30 19:57:46.814 [main] INFO  zoobutiken.Factory - new bird added
2016-09-30 19:57:46.817 [main] INFO  zoobutiken.Factory - new bird added
2016-09-30 19:59:47.834 [main] TRACE zoobutiken.Reader - Reader.usersIntInputnull
2016-09-30 19:59:51.157 [main] INFO  zoobutiken.Factory - new bird added
2016-09-30 19:59:51.161 [main] INFO  zoobutiken.Factory - new bird added
2016-10-01 11:30:39.221 [main] TRACE zoobutiken.Reader - Reader.usersIntInputnull
2016-10-01 11:35:15.341 [main] INFO  zoobutiken.Factory - new bird added
2016-10-01 11:35:15.345 [main] INFO  zoobutiken.Factory - new bird added
2016-10-01 11:38:10.634 [main] TRACE zoobutiken.Reader - Reader.usersIntInputnull
2016-10-01 11:38:13.675 [main] INFO  zoobutiken.Factory - new bird added
2016-10-01 11:38:13.679 [main] INFO  zoobutiken.Factory - new bird added
2016-10-01 11:38:34.891 [main] TRACE zoobutiken.Reader - Reader.usersIntInputnull
2016-10-01 11:40:01.637 [main] INFO  zoobutiken.Factory - new bird added
2016-10-01 11:40:01.641 [main] INFO  zoobutiken.Factory - new bird added
2016-10-01 11:41:00.888 [main] INFO  zoobutiken.Factory - new fish added
2016-10-01 11:41:08.987 [main] TRACE zoobutiken.Reader - Reader.usersIntInputnull
2016-10-01 11:41:50.561 [main] INFO  zoobutiken.Factory - new bird added
2016-10-01 11:41:50.564 [main] INFO  zoobutiken.Factory - new bird added
2016-10-01 11:41:50.564 [main] INFO  zoobutiken.Factory - new bird added
2016-10-01 11:41:50.565 [main] INFO  zoobutiken.Factory - new fish added
2016-10-01 11:50:16.516 [main] TRACE zoobutiken.Reader - Reader.usersIntInputnull
2016-10-01 11:51:10.468 [main] INFO  zoobutiken.Factory - new bird added
2016-10-01 11:51:10.472 [main] INFO  zoobutiken.Factory - new bird added
2016-10-01 11:51:10.472 [main] INFO  zoobutiken.Factory - new bird added
2016-10-01 11:51:10.472 [main] INFO  zoobutiken.Factory - new fish added
2016-10-01 11:51:41.007 [main] INFO  zoobutiken.Factory - new bird added
2016-10-01 11:51:41.013 [main] INFO  zoobutiken.Factory - new bird added
2016-10-01 11:51:41.013 [main] INFO  zoobutiken.Factory - new bird added
2016-10-01 11:51:41.014 [main] INFO  zoobutiken.Factory - new fish added
2016-10-01 12:48:17.419 [main] INFO  zoobutiken.Factory - new bird added
2016-10-01 12:48:17.429 [main] INFO  zoobutiken.Factory - new bird added
2016-10-01 12:48:17.430 [main] INFO  zoobutiken.Factory - new bird added
2016-10-01 12:48:17.431 [main] INFO  zoobutiken.Factory - new fish added
2016-10-01 12:48:17.433 [main] INFO  zoobutiken.Factory - new bird added
2016-10-01 12:48:17.434 [main] INFO  zoobutiken.Factory - new fish added
2016-10-01 12:49:05.401 [main] TRACE zoobutiken.Reader - Reader.usersIntInputnull
2016-10-01 12:56:03.340 [main] INFO  zoobutiken.Factory - new bird added
2016-10-01 12:56:03.346 [main] INFO  zoobutiken.Factory - new bird added
2016-10-01 12:56:03.347 [main] INFO  zoobutiken.Factory - new bird added
2016-10-01 12:56:03.347 [main] INFO  zoobutiken.Factory - new fish added
2016-10-01 12:56:03.349 [main] INFO  zoobutiken.Factory - new bird added
2016-10-01 12:56:03.349 [main] INFO  zoobutiken.Factory - new fish added
2016-10-01 12:56:52.012 [main] INFO  zoobutiken.Factory - new food item added
2016-10-01 13:03:41.794 [main] INFO  zoobutiken.Factory - new bird added
2016-10-01 13:03:41.797 [main] INFO  zoobutiken.Factory - new bird added
2016-10-01 13:03:41.798 [main] INFO  zoobutiken.Factory - new food item added
2016-10-01 13:03:41.805 [main] TRACE zoobutiken.Reader - Reader.parseDateFromStringUnparseable date: "Sat Nov 11 00:00:00 CET 2017"
2016-10-01 13:03:41.806 [main] TRACE zoobutiken.Reader - Reader.parseDateFromStringUnparseable date: "false"
2016-10-01 13:05:04.064 [main] TRACE zoobutiken.Reader - Reader.usersIntInputnull
2016-10-01 13:05:36.874 [main] INFO  zoobutiken.Factory - new food item added
2016-10-01 13:06:46.300 [main] TRACE zoobutiken.Reader - Reader.usersIntInputnull
2016-10-01 13:07:42.515 [main] INFO  zoobutiken.Factory - new food item added
2016-10-01 13:08:21.972 [main] INFO  zoobutiken.Factory - new food item added
2016-10-01 13:08:21.982 [main] TRACE zoobutiken.Reader - Reader.parseDateFromStringUnparseable date: "false"
