2016-10-02 16:05:46.639 [main] INFO  zoobutiken.Factory - new amphibium added
2016-10-02 16:09:41.136 [main] INFO  zoobutiken.Factory - new accessories item added
2016-10-02 17:38:41.884 [main] INFO  zoobutiken.Factory - new food item added
2016-10-03 09:51:41.861 [main] INFO  zoobutiken.Factory - new spider added
2016-10-03 11:11:09.636 [main] ERROR zoobutiken.Reader - Reader.usersIntInputnull
2016-10-03 11:19:52.584 [main] INFO  zoobutiken.Factory - new fish added
2016-10-03 11:53:45.739 [main] ERROR zoobutiken.Reader - Reader.usersIntInputnull
2016-10-03 11:53:45.749 [main] ERROR zoobutiken.Reader - Reader.usersIntInputnull
2016-10-03 11:53:45.759 [main] ERROR zoobutiken.Reader - Reader.usersDoubleInput null
2016-10-03 11:53:45.809 [main] ERROR zoobutiken.Reader - Reader.usersIntInputnull
2016-10-03 11:53:45.835 [main] ERROR zoobutiken.Reader - Reader.usersIntInputnull
2016-10-03 11:53:45.851 [main] ERROR zoobutiken.Reader - Reader.usersIntInputnull
2016-10-03 12:00:56.815 [main] ERROR zoobutiken.Reader - Reader.usersIntInputnull
2016-10-03 12:00:56.822 [main] ERROR zoobutiken.Reader - Reader.usersIntInputnull
2016-10-03 12:00:56.827 [main] ERROR zoobutiken.Reader - Reader.usersDoubleInput null
2016-10-03 12:00:56.880 [main] ERROR zoobutiken.Reader - Reader.usersIntInputnull
2016-10-03 12:00:56.886 [main] ERROR zoobutiken.Reader - Reader.usersIntInputnull
2016-10-03 12:00:56.891 [main] ERROR zoobutiken.Reader - Reader.usersIntInputnull
2016-10-03 12:16:46.329 [main] ERROR zoobutiken.Reader - Reader.usersIntInputnull
2016-10-03 12:16:46.336 [main] ERROR zoobutiken.Reader - Reader.usersIntInputnull
2016-10-03 12:16:46.341 [main] ERROR zoobutiken.Reader - Reader.usersDoubleInput null
2016-10-03 12:16:46.396 [main] ERROR zoobutiken.Reader - Reader.usersIntInputnull
2016-10-03 12:16:46.402 [main] ERROR zoobutiken.Reader - Reader.usersIntInputnull
2016-10-03 12:16:46.410 [main] ERROR zoobutiken.Reader - Reader.usersIntInputnull
2016-10-03 12:17:13.306 [main] ERROR zoobutiken.Reader - Reader.usersIntInputnull
2016-10-03 12:17:13.317 [main] ERROR zoobutiken.Reader - Reader.usersIntInputnull
2016-10-03 12:17:13.322 [main] ERROR zoobutiken.Reader - Reader.usersDoubleInput null
2016-10-03 12:17:13.370 [main] ERROR zoobutiken.Reader - Reader.usersIntInputnull
2016-10-03 12:17:13.377 [main] ERROR zoobutiken.Reader - Reader.usersIntInputnull
2016-10-03 12:17:13.386 [main] ERROR zoobutiken.Reader - Reader.usersIntInputnull
2016-10-03 12:18:16.230 [main] ERROR zoobutiken.Reader - Reader.usersIntInputnull
2016-10-03 12:18:16.239 [main] ERROR zoobutiken.Reader - Reader.usersIntInputnull
2016-10-03 12:18:16.245 [main] ERROR zoobutiken.Reader - Reader.usersDoubleInput null
2016-10-03 12:18:16.293 [main] ERROR zoobutiken.Reader - Reader.usersIntInputnull
2016-10-03 12:18:16.299 [main] ERROR zoobutiken.Reader - Reader.usersIntInputnull
2016-10-03 12:18:33.771 [main] ERROR zoobutiken.Reader - Reader.usersIntInputnull
2016-10-03 12:18:33.780 [main] ERROR zoobutiken.Reader - Reader.usersIntInputnull
2016-10-03 12:18:33.785 [main] ERROR zoobutiken.Reader - Reader.usersDoubleInput null
2016-10-03 12:18:33.841 [main] ERROR zoobutiken.Reader - Reader.usersIntInputnull
2016-10-03 12:18:33.849 [main] ERROR zoobutiken.Reader - Reader.usersIntInputnull
2016-10-03 12:19:46.776 [main] ERROR zoobutiken.Reader - Reader.usersIntInputnull
2016-10-03 12:19:46.782 [main] ERROR zoobutiken.Reader - Reader.usersIntInputnull
2016-10-03 12:19:46.786 [main] ERROR zoobutiken.Reader - Reader.usersDoubleInput null
2016-10-03 12:19:46.835 [main] ERROR zoobutiken.Reader - Reader.usersIntInputnull
2016-10-03 12:19:46.843 [main] ERROR zoobutiken.Reader - Reader.usersIntInputnull
2016-10-03 12:19:46.852 [main] ERROR zoobutiken.Reader - Reader.usersIntInputnull
2016-10-03 12:29:56.359 [main] ERROR zoobutiken.Reader - Reader.usersIntInputnull
2016-10-03 12:29:56.369 [main] ERROR zoobutiken.Reader - Reader.usersIntInputnull
2016-10-03 12:29:56.376 [main] ERROR zoobutiken.Reader - Reader.usersDoubleInput null
2016-10-03 12:29:56.448 [main] ERROR zoobutiken.Reader - Reader.usersIntInputnull
2016-10-03 12:29:56.455 [main] ERROR zoobutiken.Reader - Reader.usersIntInputnull
2016-10-03 12:30:09.149 [main] ERROR zoobutiken.Reader - Reader.usersIntInputnull
2016-10-03 12:30:09.158 [main] ERROR zoobutiken.Reader - Reader.usersIntInputnull
2016-10-03 12:30:09.164 [main] ERROR zoobutiken.Reader - Reader.usersDoubleInput null
2016-10-03 12:30:09.228 [main] ERROR zoobutiken.Reader - Reader.usersIntInputnull
2016-10-03 12:30:09.237 [main] ERROR zoobutiken.Reader - Reader.usersIntInputnull
2016-10-03 12:40:50.849 [main] ERROR zoobutiken.Reader - Reader.usersIntInputnull
2016-10-03 12:40:50.858 [main] ERROR zoobutiken.Reader - Reader.usersIntInputnull
2016-10-03 12:40:50.863 [main] ERROR zoobutiken.Reader - Reader.usersDoubleInput null
2016-10-03 12:40:50.922 [main] ERROR zoobutiken.Reader - Reader.usersIntInputnull
2016-10-03 12:40:50.931 [main] ERROR zoobutiken.Reader - Reader.usersIntInputnull
2016-10-03 12:46:17.296 [main] ERROR zoobutiken.Reader - Reader.usersIntInputnull
2016-10-03 12:46:17.307 [main] ERROR zoobutiken.Reader - Reader.usersIntInputnull
2016-10-03 12:46:17.313 [main] ERROR zoobutiken.Reader - Reader.usersDoubleInput null
2016-10-03 12:46:17.372 [main] ERROR zoobutiken.Reader - Reader.usersIntInputnull
2016-10-03 12:46:17.377 [main] ERROR zoobutiken.Reader - Reader.usersIntInputnull
2016-10-03 12:50:18.518 [main] ERROR zoobutiken.Reader - Reader.usersIntInputnull
2016-10-03 12:50:18.527 [main] ERROR zoobutiken.Reader - Reader.usersIntInputnull
2016-10-03 12:50:18.533 [main] ERROR zoobutiken.Reader - Reader.usersDoubleInput null
2016-10-03 12:50:18.603 [main] ERROR zoobutiken.Reader - Reader.usersIntInputnull
2016-10-03 12:50:18.609 [main] ERROR zoobutiken.Reader - Reader.usersIntInputnull
2016-10-03 12:53:03.666 [main] ERROR zoobutiken.Reader - Reader.usersIntInputnull
2016-10-03 12:53:03.677 [main] ERROR zoobutiken.Reader - Reader.usersIntInputnull
2016-10-03 12:53:03.687 [main] ERROR zoobutiken.Reader - Reader.usersDoubleInput null
2016-10-03 12:53:03.803 [main] ERROR zoobutiken.Reader - Reader.usersIntInputnull
2016-10-03 12:53:03.822 [main] ERROR zoobutiken.Reader - Reader.usersIntInputnull
2016-10-03 13:07:37.585 [main] ERROR zoobutiken.Reader - Reader.usersIntInputnull
2016-10-03 13:07:37.616 [main] ERROR zoobutiken.Reader - Reader.usersIntInputnull
2016-10-03 13:07:37.633 [main] ERROR zoobutiken.Reader - Reader.usersDoubleInput null
2016-10-03 13:07:37.772 [main] ERROR zoobutiken.Reader - Reader.usersIntInputnull
2016-10-03 13:07:37.806 [main] ERROR zoobutiken.Reader - Reader.usersIntInputnull
2016-10-03 13:11:11.979 [main] ERROR zoobutiken.Reader - Reader.usersIntInputnull
2016-10-03 13:11:12.004 [main] ERROR zoobutiken.Reader - Reader.usersIntInputnull
2016-10-03 13:11:12.019 [main] ERROR zoobutiken.Reader - Reader.usersDoubleInput null
2016-10-03 13:16:02.965 [main] ERROR zoobutiken.Reader - Reader.usersIntInputnull
2016-10-03 13:16:02.994 [main] ERROR zoobutiken.Reader - Reader.usersIntInputnull
2016-10-03 13:16:03.015 [main] ERROR zoobutiken.Reader - Reader.usersDoubleInput null
2016-10-03 13:27:19.699 [main] ERROR zoobutiken.Reader - Reader.usersIntInputnull
2016-10-03 13:27:19.719 [main] ERROR zoobutiken.Reader - Reader.usersIntInputnull
2016-10-03 13:27:19.735 [main] ERROR zoobutiken.Reader - Reader.usersDoubleInput null
2016-10-03 13:27:19.876 [main] ERROR zoobutiken.Reader - Reader.usersIntInputnull
2016-10-03 13:27:19.911 [main] ERROR zoobutiken.Reader - Reader.usersIntInputnull
2016-10-03 15:08:00.416 [main] ERROR zoobutiken.Reader - Reader.usersIntInputnull
2016-10-03 15:10:33.603 [main] ERROR zoobutiken.Reader - Reader.usersIntInputnull
2016-10-03 15:10:33.611 [main] ERROR zoobutiken.Reader - Reader.usersIntInputnull
2016-10-03 15:10:33.617 [main] ERROR zoobutiken.Reader - Reader.usersDoubleInput null
2016-10-03 15:10:33.660 [main] ERROR zoobutiken.Reader - Reader.usersIntInputnull
2016-10-03 15:10:33.664 [main] ERROR zoobutiken.Reader - Reader.usersIntInputnull
2016-10-03 15:14:08.962 [main] ERROR zoobutiken.Reader - Reader.usersIntInputnull
2016-10-03 15:14:08.970 [main] ERROR zoobutiken.Reader - Reader.usersIntInputnull
2016-10-03 15:14:08.976 [main] ERROR zoobutiken.Reader - Reader.usersDoubleInput null
2016-10-03 15:14:09.030 [main] ERROR zoobutiken.Reader - Reader.usersIntInputnull
2016-10-03 15:14:09.037 [main] ERROR zoobutiken.Reader - Reader.usersIntInputnull
2016-10-03 15:15:44.872 [main] ERROR zoobutiken.Reader - Reader.usersIntInputnull
2016-10-03 15:15:44.876 [main] ERROR zoobutiken.Reader - Reader.usersIntInputnull
2016-10-03 15:15:44.880 [main] ERROR zoobutiken.Reader - Reader.usersDoubleInput null
2016-10-03 15:15:44.910 [main] ERROR zoobutiken.Reader - Reader.usersIntInputnull
2016-10-03 15:15:44.914 [main] ERROR zoobutiken.Reader - Reader.usersIntInputnull
2016-10-03 15:16:07.324 [main] ERROR zoobutiken.Reader - Reader.usersIntInputnull
2016-10-03 15:16:07.335 [main] ERROR zoobutiken.Reader - Reader.usersIntInputnull
2016-10-03 15:16:07.342 [main] ERROR zoobutiken.Reader - Reader.usersDoubleInput null
2016-10-03 15:16:07.408 [main] ERROR zoobutiken.Reader - Reader.usersIntInputnull
2016-10-03 15:16:07.419 [main] ERROR zoobutiken.Reader - Reader.usersIntInputnull
2016-10-03 15:27:06.680 [main] ERROR zoobutiken.Reader - Reader.usersIntInputnull
2016-10-03 15:27:06.688 [main] ERROR zoobutiken.Reader - Reader.usersIntInputnull
2016-10-03 15:27:06.695 [main] ERROR zoobutiken.Reader - Reader.usersDoubleInput null
2016-10-03 15:27:06.733 [main] ERROR zoobutiken.Reader - Reader.usersIntInputnull
2016-10-03 15:27:06.740 [main] ERROR zoobutiken.Reader - Reader.usersIntInputnull
2016-10-03 15:27:11.885 [main] ERROR zoobutiken.Reader - Reader.usersIntInputnull
2016-10-03 15:29:36.587 [main] INFO  zoobutiken.Factory - new amphibium added
2016-10-03 15:30:35.247 [main] ERROR zoobutiken.Reader - Reader.usersIntInputnull
2016-10-03 15:33:53.528 [main] ERROR zoobutiken.Reader - Reader.usersIntInputnull
2016-10-03 15:33:53.534 [main] ERROR zoobutiken.Reader - Reader.usersIntInputnull
2016-10-03 15:33:53.539 [main] ERROR zoobutiken.Reader - Reader.usersDoubleInput null
2016-10-03 15:33:53.579 [main] ERROR zoobutiken.Reader - Reader.usersIntInputnull
2016-10-03 15:33:53.584 [main] ERROR zoobutiken.Reader - Reader.usersIntInputnull
2016-10-03 15:34:17.653 [main] ERROR zoobutiken.Reader - Reader.usersIntInputnull
2016-10-03 15:34:17.661 [main] ERROR zoobutiken.Reader - Reader.usersIntInputnull
2016-10-03 15:34:17.669 [main] ERROR zoobutiken.Reader - Reader.usersDoubleInput null
2016-10-03 15:34:17.732 [main] ERROR zoobutiken.Reader - Reader.usersIntInputnull
2016-10-03 15:34:17.740 [main] ERROR zoobutiken.Reader - Reader.usersIntInputnull
2016-10-03 15:36:16.501 [main] ERROR zoobutiken.Reader - Reader.usersIntInputnull
2016-10-03 15:36:16.512 [main] ERROR zoobutiken.Reader - Reader.usersIntInputnull
2016-10-03 15:36:16.518 [main] ERROR zoobutiken.Reader - Reader.usersDoubleInput null
2016-10-03 15:36:16.586 [main] ERROR zoobutiken.Reader - Reader.usersIntInputnull
2016-10-03 15:36:16.597 [main] ERROR zoobutiken.Reader - Reader.usersIntInputnull
2016-10-03 15:40:23.239 [main] ERROR zoobutiken.Reader - Reader.usersIntInputnull
2016-10-03 15:40:23.247 [main] ERROR zoobutiken.Reader - Reader.usersIntInputnull
2016-10-03 15:40:23.253 [main] ERROR zoobutiken.Reader - Reader.usersDoubleInput null
2016-10-03 15:40:23.316 [main] ERROR zoobutiken.Reader - Reader.usersIntInputnull
2016-10-03 15:40:23.325 [main] ERROR zoobutiken.Reader - Reader.usersIntInputnull
2016-10-03 15:48:35.125 [main] ERROR zoobutiken.Reader - Reader.usersIntInputnull
2016-10-03 15:48:35.132 [main] ERROR zoobutiken.Reader - Reader.usersIntInputnull
2016-10-03 15:48:35.138 [main] ERROR zoobutiken.Reader - Reader.usersDoubleInput null
2016-10-03 15:48:35.186 [main] ERROR zoobutiken.Reader - Reader.usersIntInputnull
2016-10-03 15:48:35.195 [main] ERROR zoobutiken.Reader - Reader.usersIntInputnull
2016-10-03 15:50:49.620 [main] ERROR zoobutiken.Reader - Reader.usersIntInputnull
2016-10-03 15:50:49.629 [main] ERROR zoobutiken.Reader - Reader.usersIntInputnull
2016-10-03 15:50:49.634 [main] ERROR zoobutiken.Reader - Reader.usersDoubleInput null
2016-10-03 15:50:49.683 [main] ERROR zoobutiken.Reader - Reader.usersIntInputnull
2016-10-03 15:50:49.692 [main] ERROR zoobutiken.Reader - Reader.usersIntInputnull
2016-10-03 16:25:14.585 [main] ERROR zoobutiken.Reader - Reader.usersIntInputnull
2016-10-03 16:25:14.595 [main] ERROR zoobutiken.Reader - Reader.usersIntInputnull
2016-10-03 16:25:14.600 [main] ERROR zoobutiken.Reader - Reader.usersDoubleInput null
2016-10-03 16:25:14.671 [main] ERROR zoobutiken.Reader - Reader.usersIntInputnull
2016-10-03 16:25:14.676 [main] ERROR zoobutiken.Reader - Reader.usersIntInputnull
2016-10-03 16:29:41.236 [main] ERROR zoobutiken.Reader - Reader.usersIntInputnull
2016-10-03 16:29:41.243 [main] ERROR zoobutiken.Reader - Reader.usersIntInputnull
2016-10-03 16:29:41.250 [main] ERROR zoobutiken.Reader - Reader.usersDoubleInput null
2016-10-03 16:29:41.306 [main] ERROR zoobutiken.Reader - Reader.usersIntInputnull
2016-10-03 16:29:41.313 [main] ERROR zoobutiken.Reader - Reader.usersIntInputnull
2016-10-03 16:31:42.813 [main] ERROR zoobutiken.Reader - Reader.usersIntInputnull
2016-10-03 16:31:42.819 [main] ERROR zoobutiken.Reader - Reader.usersIntInputnull
2016-10-03 16:31:42.824 [main] ERROR zoobutiken.Reader - Reader.usersDoubleInput null
2016-10-03 16:31:42.880 [main] ERROR zoobutiken.Reader - Reader.usersIntInputnull
2016-10-03 16:31:42.885 [main] ERROR zoobutiken.Reader - Reader.usersIntInputnull
2016-10-03 16:35:18.711 [main] ERROR zoobutiken.Reader - Reader.usersIntInputnull
2016-10-03 16:35:18.720 [main] ERROR zoobutiken.Reader - Reader.usersIntInputnull
2016-10-03 16:35:18.725 [main] ERROR zoobutiken.Reader - Reader.usersDoubleInput null
2016-10-03 16:35:18.782 [main] ERROR zoobutiken.Reader - Reader.usersIntInputnull
2016-10-03 16:35:18.793 [main] ERROR zoobutiken.Reader - Reader.usersIntInputnull
2016-10-03 16:37:28.268 [main] ERROR zoobutiken.Reader - Reader.usersIntInputnull
2016-10-03 16:37:28.275 [main] ERROR zoobutiken.Reader - Reader.usersIntInputnull
2016-10-03 16:37:28.289 [main] ERROR zoobutiken.Reader - Reader.usersDoubleInput null
2016-10-03 16:42:40.064 [main] ERROR zoobutiken.Reader - Reader.usersIntInputnull
2016-10-03 16:42:40.073 [main] ERROR zoobutiken.Reader - Reader.usersIntInputnull
2016-10-03 16:42:40.078 [main] ERROR zoobutiken.Reader - Reader.usersDoubleInput null
2016-10-03 16:42:40.140 [main] ERROR zoobutiken.Reader - Reader.usersIntInputnull
2016-10-03 16:42:40.149 [main] ERROR zoobutiken.Reader - Reader.usersIntInputnull
2016-10-03 16:43:59.793 [main] ERROR zoobutiken.Reader - Reader.usersIntInputnull
2016-10-03 16:43:59.801 [main] ERROR zoobutiken.Reader - Reader.usersIntInputnull
2016-10-03 16:43:59.807 [main] ERROR zoobutiken.Reader - Reader.usersDoubleInput null
2016-10-03 16:43:59.880 [main] ERROR zoobutiken.Reader - Reader.usersIntInputnull
2016-10-03 16:43:59.888 [main] ERROR zoobutiken.Reader - Reader.usersIntInputnull
2016-10-03 17:51:53.315 [main] ERROR zoobutiken.Reader - Reader.usersIntInputnull
2016-10-03 17:51:53.325 [main] ERROR zoobutiken.Reader - Reader.usersIntInputnull
2016-10-03 17:51:53.329 [main] ERROR zoobutiken.Reader - Reader.usersDoubleInput null
2016-10-03 17:51:53.388 [main] ERROR zoobutiken.Reader - Reader.usersIntInputnull
2016-10-03 17:51:53.392 [main] ERROR zoobutiken.Reader - Reader.usersIntInputnull
2016-10-03 17:55:11.034 [main] ERROR zoobutiken.Reader - Reader.usersIntInputnull
2016-10-03 17:55:11.042 [main] ERROR zoobutiken.Reader - Reader.usersIntInputnull
2016-10-03 17:55:11.047 [main] ERROR zoobutiken.Reader - Reader.usersDoubleInput null
2016-10-03 17:55:11.104 [main] ERROR zoobutiken.Reader - Reader.usersIntInputnull
2016-10-03 17:55:11.111 [main] ERROR zoobutiken.Reader - Reader.usersIntInputnull
2016-10-03 18:00:11.824 [main] ERROR zoobutiken.Reader - Reader.usersIntInputnull
2016-10-03 18:00:11.834 [main] ERROR zoobutiken.Reader - Reader.usersIntInputnull
2016-10-03 18:00:11.838 [main] ERROR zoobutiken.Reader - Reader.usersDoubleInput null
2016-10-03 18:00:11.890 [main] ERROR zoobutiken.Reader - Reader.usersIntInputnull
2016-10-03 18:00:11.897 [main] ERROR zoobutiken.Reader - Reader.usersIntInputnull
2016-10-03 18:06:04.950 [main] ERROR zoobutiken.Reader - Reader.usersIntInputnull
2016-10-03 18:06:04.958 [main] ERROR zoobutiken.Reader - Reader.usersIntInputnull
2016-10-03 18:06:04.964 [main] ERROR zoobutiken.Reader - Reader.usersDoubleInput null
2016-10-03 18:06:05.042 [main] ERROR zoobutiken.Reader - Reader.usersIntInputnull
2016-10-03 18:06:05.050 [main] INFO  zoobutiken.Factory - new bird added
2016-10-03 18:07:20.910 [main] ERROR zoobutiken.Reader - Reader.usersIntInputnull
2016-10-03 18:11:57.728 [main] ERROR zoobutiken.Reader - Reader.usersIntInputnull
2016-10-03 18:12:00.282 [main] ERROR zoobutiken.Reader - Reader.usersIntInputnull
2016-10-03 18:12:03.555 [main] ERROR zoobutiken.Reader - Reader.usersIntInputnull
2016-10-03 18:12:11.839 [main] ERROR zoobutiken.Reader - Reader.usersIntInputnull
2016-10-03 18:26:28.504 [main] ERROR zoobutiken.Reader - Reader.usersIntInputnull
2016-10-03 18:26:28.512 [main] ERROR zoobutiken.Reader - Reader.usersIntInputnull
2016-10-03 18:26:28.517 [main] ERROR zoobutiken.Reader - Reader.usersDoubleInput null
2016-10-03 18:26:28.561 [main] ERROR zoobutiken.Reader - Reader.usersIntInputnull
2016-10-03 18:26:28.568 [main] INFO  zoobutiken.Factory - new bird added
2016-10-03 18:30:31.757 [main] ERROR zoobutiken.Reader - Reader.usersIntInputnull
2016-10-03 18:30:40.274 [main] ERROR zoobutiken.Reader - Reader.usersIntInputnull
2016-10-03 18:30:40.283 [main] ERROR zoobutiken.Reader - Reader.usersIntInputnull
2016-10-03 18:30:40.289 [main] ERROR zoobutiken.Reader - Reader.usersDoubleInput null
2016-10-03 18:30:40.362 [main] ERROR zoobutiken.Reader - Reader.usersIntInputnull
2016-10-03 18:30:40.370 [main] INFO  zoobutiken.Factory - new bird added
2016-10-03 18:57:09.429 [main] ERROR zoobutiken.Reader - Reader.usersIntInputnull
2016-10-03 18:57:09.437 [main] ERROR zoobutiken.Reader - Reader.usersIntInputnull
2016-10-03 18:57:09.513 [main] INFO  zoobutiken.Factory - new bird added
2016-10-03 19:00:24.204 [main] ERROR zoobutiken.Reader - Reader.usersIntInputnull
2016-10-03 19:00:24.212 [main] ERROR zoobutiken.Reader - Reader.usersIntInputnull
2016-10-03 19:00:24.285 [main] INFO  zoobutiken.Factory - new bird added
2016-10-03 19:04:40.183 [main] ERROR zoobutiken.Reader - Reader.usersIntInputnull
2016-10-03 19:04:40.192 [main] ERROR zoobutiken.Reader - Reader.usersIntInputnull
2016-10-03 19:04:40.256 [main] INFO  zoobutiken.Factory - new bird added
2016-10-03 19:45:49.729 [main] ERROR zoobutiken.Reader - Reader.usersIntInputnull
2016-10-03 19:45:49.736 [main] ERROR zoobutiken.Reader - Reader.usersIntInputnull
2016-10-03 19:45:49.771 [main] INFO  zoobutiken.Factory - new bird added
2016-10-03 19:53:47.456 [main] ERROR zoobutiken.Reader - Reader.usersIntInputnull
2016-10-03 19:53:47.467 [main] ERROR zoobutiken.Reader - Reader.usersIntInputnull
2016-10-03 19:53:47.515 [main] INFO  zoobutiken.Factory - new bird added
2016-10-03 20:52:57.799 [main] ERROR zoobutiken.Reader - Reader.usersIntInputnull
2016-10-03 20:52:57.810 [main] ERROR zoobutiken.Reader - Reader.usersIntInputnull
2016-10-03 20:52:57.869 [main] INFO  zoobutiken.Factory - new bird added
2016-10-03 20:53:21.310 [main] ERROR zoobutiken.Reader - Reader.usersIntInputnull
2016-10-03 20:53:21.318 [main] ERROR zoobutiken.Reader - Reader.usersIntInputnull
2016-10-03 20:53:21.367 [main] INFO  zoobutiken.Factory - new bird added
2016-10-03 20:55:06.671 [main] ERROR zoobutiken.Reader - Reader.usersIntInputnull
2016-10-03 20:55:06.678 [main] ERROR zoobutiken.Reader - Reader.usersIntInputnull
2016-10-03 20:55:06.719 [main] INFO  zoobutiken.Factory - new bird added
2016-10-03 21:07:01.373 [main] ERROR zoobutiken.Reader - Reader.usersIntInputnull
2016-10-03 21:07:01.380 [main] ERROR zoobutiken.Reader - Reader.usersIntInputnull
2016-10-03 21:07:01.421 [main] INFO  zoobutiken.Factory - new bird added
2016-10-03 21:08:40.065 [main] ERROR zoobutiken.Reader - Reader.usersIntInputnull
2016-10-03 21:08:40.076 [main] ERROR zoobutiken.Reader - Reader.usersIntInputnull
2016-10-03 21:08:40.115 [main] INFO  zoobutiken.Factory - new bird added
2016-10-03 21:13:28.768 [main] ERROR zoobutiken.Reader - Reader.usersIntInputnull
2016-10-03 21:13:28.776 [main] ERROR zoobutiken.Reader - Reader.usersIntInputnull
2016-10-03 21:13:28.817 [main] INFO  zoobutiken.Factory - new bird added
2016-10-03 21:14:23.406 [main] ERROR zoobutiken.Reader - Reader.usersIntInputnull
2016-10-03 21:14:23.415 [main] ERROR zoobutiken.Reader - Reader.usersIntInputnull
2016-10-03 21:14:23.459 [main] INFO  zoobutiken.Factory - new bird added
2016-10-03 21:15:14.128 [main] ERROR zoobutiken.Reader - Reader.usersIntInputnull
2016-10-03 21:15:14.134 [main] ERROR zoobutiken.Reader - Reader.usersIntInputnull
2016-10-03 21:15:14.172 [main] INFO  zoobutiken.Factory - new bird added
2016-10-03 21:17:42.744 [main] ERROR zoobutiken.Reader - Reader.usersIntInputnull
2016-10-03 21:17:42.754 [main] ERROR zoobutiken.Reader - Reader.usersIntInputnull
2016-10-03 21:17:42.793 [main] INFO  zoobutiken.Factory - new bird added
2016-10-03 21:18:18.244 [main] ERROR zoobutiken.Reader - Reader.usersIntInputnull
2016-10-03 21:18:18.251 [main] ERROR zoobutiken.Reader - Reader.usersIntInputnull
2016-10-03 21:18:18.275 [main] INFO  zoobutiken.Factory - new bird added
2016-10-03 21:22:55.087 [main] ERROR zoobutiken.Reader - Reader.usersIntInputnull
2016-10-03 21:22:55.099 [main] ERROR zoobutiken.Reader - Reader.usersIntInputnull
2016-10-03 21:22:55.122 [main] INFO  zoobutiken.Factory - new bird added
2016-10-03 21:23:47.066 [main] ERROR zoobutiken.Reader - Reader.usersIntInputnull
2016-10-03 21:23:47.081 [main] ERROR zoobutiken.Reader - Reader.usersIntInputnull
2016-10-03 21:23:47.103 [main] INFO  zoobutiken.Factory - new bird added
2016-10-03 22:08:07.555 [main] ERROR zoobutiken.Reader - Reader.usersIntInputnull
2016-10-03 22:08:07.567 [main] ERROR zoobutiken.Reader - Reader.usersIntInputnull
2016-10-03 22:08:07.590 [main] INFO  zoobutiken.Factory - new bird added
2016-10-03 22:12:59.009 [main] ERROR zoobutiken.Reader - Reader.usersIntInputnull
2016-10-03 22:12:59.024 [main] ERROR zoobutiken.Reader - Reader.usersIntInputnull
2016-10-03 22:12:59.046 [main] INFO  zoobutiken.Factory - new bird added
2016-10-03 22:14:23.836 [main] ERROR zoobutiken.Reader - Reader.usersIntInputnull
2016-10-03 22:14:23.845 [main] ERROR zoobutiken.Reader - Reader.usersIntInputnull
2016-10-03 22:14:23.866 [main] INFO  zoobutiken.Factory - new bird added
2016-10-03 22:31:50.331 [main] ERROR zoobutiken.Reader - Reader.usersIntInputnull
2016-10-03 22:31:50.343 [main] ERROR zoobutiken.Reader - Reader.usersIntInputnull
2016-10-03 22:31:50.367 [main] INFO  zoobutiken.Factory - new bird added
2016-10-03 22:32:08.587 [main] ERROR zoobutiken.Reader - Reader.usersIntInputnull
2016-10-03 22:32:08.598 [main] ERROR zoobutiken.Reader - Reader.usersIntInputnull
2016-10-03 22:32:08.621 [main] INFO  zoobutiken.Factory - new bird added
2016-10-03 22:42:24.752 [main] ERROR zoobutiken.Reader - Reader.usersIntInputnull
2016-10-03 22:42:24.764 [main] ERROR zoobutiken.Reader - Reader.usersIntInputnull
2016-10-03 22:42:24.798 [main] INFO  zoobutiken.Factory - new bird added
2016-10-03 22:44:39.600 [main] ERROR zoobutiken.Reader - Reader.usersIntInputnull
2016-10-03 22:44:39.610 [main] ERROR zoobutiken.Reader - Reader.usersIntInputnull
2016-10-03 22:44:39.635 [main] INFO  zoobutiken.Factory - new bird added
2016-10-03 22:47:42.835 [main] ERROR zoobutiken.Reader - Reader.usersIntInputnull
2016-10-03 22:47:42.847 [main] ERROR zoobutiken.Reader - Reader.usersIntInputnull
2016-10-03 22:47:42.873 [main] INFO  zoobutiken.Factory - new bird added
2016-10-03 22:52:25.908 [main] ERROR zoobutiken.Reader - Reader.usersIntInputnull
2016-10-03 22:52:25.919 [main] ERROR zoobutiken.Reader - Reader.usersIntInputnull
2016-10-03 22:52:25.934 [main] INFO  zoobutiken.Factory - new bird added
2016-10-03 22:53:26.774 [main] ERROR zoobutiken.Reader - Reader.usersIntInputnull
2016-10-03 22:53:26.784 [main] ERROR zoobutiken.Reader - Reader.usersIntInputnull
2016-10-03 22:53:26.806 [main] INFO  zoobutiken.Factory - new bird added
2016-10-03 22:54:48.108 [main] ERROR zoobutiken.Reader - Reader.usersIntInputnull
2016-10-03 22:54:48.116 [main] ERROR zoobutiken.Reader - Reader.usersIntInputnull
2016-10-03 22:54:48.138 [main] INFO  zoobutiken.Factory - new bird added
2016-10-04 11:03:36.855 [main] ERROR zoobutiken.Reader - Reader.usersIntInputnull
2016-10-04 12:22:21.505 [main] ERROR zoobutiken.Reader - Reader.usersIntInputnull
2016-10-05 14:56:47.341 [main] ERROR zoobutiken.Reader - Reader.usersIntInputnull
2016-10-08 23:47:35.591 [main] ERROR zoobutiken.Reader - Reader.usersIntInputnull
2016-10-08 23:48:25.728 [main] ERROR zoobutiken.Reader - Reader.usersIntInputnull
